c:\users\ahmadf\documents\visual studio 2012\projects\mips ver1\mips ver1\debug\main.obj
c:\users\ahmadf\documents\visual studio 2012\projects\mips ver1\mips ver1\debug\vc110.pdb
c:\users\ahmadf\documents\visual studio 2012\projects\mips ver1\mips ver1\debug\id.obj
c:\users\ahmadf\documents\visual studio 2012\projects\mips ver1\mips ver1\debug\if.obj
c:\users\ahmadf\documents\visual studio 2012\projects\mips ver1\mips ver1\debug\auxilaryfunctions.obj
c:\users\ahmadf\documents\visual studio 2012\projects\mips ver1\mips ver1\debug\ex.obj
c:\users\ahmadf\documents\visual studio 2012\projects\mips ver1\mips ver1\debug\mem.obj
c:\users\ahmadf\documents\visual studio 2012\projects\mips ver1\debug\mips ver1.ilk
c:\users\ahmadf\documents\visual studio 2012\projects\mips ver1\debug\mips ver1.exe
c:\users\ahmadf\documents\visual studio 2012\projects\mips ver1\debug\mips ver1.pdb
c:\users\sony\desktop\mips ver1\mips ver1\debug\vc120.pdb
c:\users\sony\desktop\mips ver1\mips ver1\debug\vc120.idb
c:\users\sony\desktop\mips ver1\mips ver1\debug\auxilaryfunctions.obj
c:\users\sony\desktop\mips ver1\mips ver1\debug\if.obj
c:\users\sony\desktop\mips ver1\mips ver1\debug\ex.obj
c:\users\sony\desktop\mips ver1\mips ver1\debug\executionmemoryreg.obj
c:\users\sony\desktop\mips ver1\mips ver1\debug\id.obj
c:\users\sony\desktop\mips ver1\mips ver1\debug\instructiondecodeexecutereg.obj
c:\users\sony\desktop\mips ver1\mips ver1\debug\instructionfetchdecodereg.obj
c:\users\sony\desktop\mips ver1\mips ver1\debug\mem.obj
c:\users\sony\desktop\mips ver1\mips ver1\debug\memwritebackregister.obj
c:\users\sony\desktop\mips ver1\mips ver1\debug\main.obj
c:\users\sony\desktop\mips ver1\debug\mips ver1.ilk
c:\users\sony\desktop\mips ver1\debug\mips ver1.exe
c:\users\sony\desktop\mips ver1\debug\mips ver1.pdb
c:\users\sony\desktop\mips ver1\mips ver1\debug\cl.command.1.tlog
c:\users\sony\desktop\mips ver1\mips ver1\debug\cl.read.1.tlog
c:\users\sony\desktop\mips ver1\mips ver1\debug\cl.write.1.tlog
c:\users\sony\desktop\mips ver1\mips ver1\debug\link-cvtres.read.1.tlog
c:\users\sony\desktop\mips ver1\mips ver1\debug\link-cvtres.write.1.tlog
c:\users\sony\desktop\mips ver1\mips ver1\debug\link-rc.read.1.tlog
c:\users\sony\desktop\mips ver1\mips ver1\debug\link-rc.write.1.tlog
c:\users\sony\desktop\mips ver1\mips ver1\debug\link.1404-cvtres.read.1.tlog
c:\users\sony\desktop\mips ver1\mips ver1\debug\link.1404-cvtres.write.1.tlog
c:\users\sony\desktop\mips ver1\mips ver1\debug\link.1404-rc.read.1.tlog
c:\users\sony\desktop\mips ver1\mips ver1\debug\link.1404-rc.write.1.tlog
c:\users\sony\desktop\mips ver1\mips ver1\debug\link.1404.read.1.tlog
c:\users\sony\desktop\mips ver1\mips ver1\debug\link.1404.write.1.tlog
c:\users\sony\desktop\mips ver1\mips ver1\debug\link.2900-cvtres.read.1.tlog
c:\users\sony\desktop\mips ver1\mips ver1\debug\link.2900-cvtres.write.1.tlog
c:\users\sony\desktop\mips ver1\mips ver1\debug\link.2900-rc.read.1.tlog
c:\users\sony\desktop\mips ver1\mips ver1\debug\link.2900-rc.write.1.tlog
c:\users\sony\desktop\mips ver1\mips ver1\debug\link.2900.read.1.tlog
c:\users\sony\desktop\mips ver1\mips ver1\debug\link.2900.write.1.tlog
c:\users\sony\desktop\mips ver1\mips ver1\debug\link.5244-cvtres.read.1.tlog
c:\users\sony\desktop\mips ver1\mips ver1\debug\link.5244-cvtres.write.1.tlog
c:\users\sony\desktop\mips ver1\mips ver1\debug\link.5244-rc.read.1.tlog
c:\users\sony\desktop\mips ver1\mips ver1\debug\link.5244-rc.write.1.tlog
c:\users\sony\desktop\mips ver1\mips ver1\debug\link.5244.read.1.tlog
c:\users\sony\desktop\mips ver1\mips ver1\debug\link.5244.write.1.tlog
c:\users\sony\desktop\mips ver1\mips ver1\debug\link.command.1.tlog
c:\users\sony\desktop\mips ver1\mips ver1\debug\link.read.1.tlog
c:\users\sony\desktop\mips ver1\mips ver1\debug\link.write.1.tlog
c:\users\sony\desktop\mips ver1\mips ver1\debug\vc110.idb
c:\users\sony\desktop\mips ver1\mips ver1\debug\vc110.pdb
c:\users\sony\desktop\mips ver1\mips ver1\debug\mips ver1.tlog\cl.command.1.tlog
c:\users\sony\desktop\mips ver1\mips ver1\debug\mips ver1.tlog\cl.read.1.tlog
c:\users\sony\desktop\mips ver1\mips ver1\debug\mips ver1.tlog\cl.write.1.tlog
c:\users\sony\desktop\mips ver1\mips ver1\debug\mips ver1.tlog\link.command.1.tlog
c:\users\sony\desktop\mips ver1\mips ver1\debug\mips ver1.tlog\link.read.1.tlog
c:\users\sony\desktop\mips ver1\mips ver1\debug\mips ver1.tlog\link.write.1.tlog
